{"/Users/samaad/api-server/src/server.js": {"path":"/Users/samaad/api-server/src/server.js","statementMap":{"0":{"start":{"line":3,"column":16},"end":{"line":3,"column":34}},"1":{"start":{"line":4,"column":13},"end":{"line":4,"column":28}},"2":{"start":{"line":5,"column":12},"end":{"line":5,"column":21}},"3":{"start":{"line":7,"column":21},"end":{"line":7,"column":51}},"4":{"start":{"line":8,"column":20},"end":{"line":8,"column":50}},"5":{"start":{"line":10,"column":0},"end":{"line":10,"column":16}},"6":{"start":{"line":11,"column":0},"end":{"line":11,"column":24}},"7":{"start":{"line":13,"column":0},"end":{"line":13,"column":31}},"8":{"start":{"line":14,"column":0},"end":{"line":14,"column":30}},"9":{"start":{"line":18,"column":0},"end":{"line":25,"column":1}},"10":{"start":{"line":21,"column":8},"end":{"line":23,"column":11}},"11":{"start":{"line":22,"column":12},"end":{"line":22,"column":66}}},"fnMap":{"0":{"name":"(anonymous_0)","decl":{"start":{"line":20,"column":11},"end":{"line":20,"column":12}},"loc":{"start":{"line":20,"column":21},"end":{"line":24,"column":5}},"line":20},"1":{"name":"(anonymous_1)","decl":{"start":{"line":21,"column":25},"end":{"line":21,"column":26}},"loc":{"start":{"line":21,"column":31},"end":{"line":23,"column":9}},"line":21}},"branchMap":{},"s":{"0":2,"1":2,"2":2,"3":2,"4":2,"5":2,"6":2,"7":2,"8":2,"9":2,"10":0,"11":0},"f":{"0":0,"1":0},"b":{},"_coverageSchema":"1a1c01bbd47fc00a2c39e90264f33305004495a9","hash":"10ff9a6a224ba99fed0a1e794b4eced33f042e49"}
,"/Users/samaad/api-server/src/models/Collection.js": {"path":"/Users/samaad/api-server/src/models/Collection.js","statementMap":{"0":{"start":{"line":5,"column":4},"end":{"line":5,"column":23}},"1":{"start":{"line":9,"column":4},"end":{"line":18,"column":5}},"2":{"start":{"line":10,"column":6},"end":{"line":14,"column":7}},"3":{"start":{"line":11,"column":8},"end":{"line":11,"column":47}},"4":{"start":{"line":13,"column":8},"end":{"line":13,"column":48}},"5":{"start":{"line":16,"column":6},"end":{"line":16,"column":67}},"6":{"start":{"line":17,"column":6},"end":{"line":17,"column":25}},"7":{"start":{"line":22,"column":4},"end":{"line":27,"column":5}},"8":{"start":{"line":23,"column":6},"end":{"line":23,"column":39}},"9":{"start":{"line":25,"column":6},"end":{"line":25,"column":68}},"10":{"start":{"line":26,"column":6},"end":{"line":26,"column":25}},"11":{"start":{"line":31,"column":4},"end":{"line":38,"column":5}},"12":{"start":{"line":32,"column":19},"end":{"line":32,"column":62}},"13":{"start":{"line":33,"column":6},"end":{"line":33,"column":34}},"14":{"start":{"line":34,"column":6},"end":{"line":34,"column":20}},"15":{"start":{"line":36,"column":6},"end":{"line":36,"column":68}},"16":{"start":{"line":37,"column":6},"end":{"line":37,"column":25}},"17":{"start":{"line":42,"column":4},"end":{"line":49,"column":5}},"18":{"start":{"line":43,"column":20},"end":{"line":43,"column":63}},"19":{"start":{"line":44,"column":6},"end":{"line":44,"column":54}},"20":{"start":{"line":45,"column":6},"end":{"line":45,"column":23}},"21":{"start":{"line":47,"column":6},"end":{"line":47,"column":69}},"22":{"start":{"line":48,"column":6},"end":{"line":48,"column":25}},"23":{"start":{"line":53,"column":0},"end":{"line":53,"column":28}}},"fnMap":{"0":{"name":"(anonymous_0)","decl":{"start":{"line":4,"column":2},"end":{"line":4,"column":3}},"loc":{"start":{"line":4,"column":21},"end":{"line":6,"column":3}},"line":4},"1":{"name":"(anonymous_1)","decl":{"start":{"line":8,"column":2},"end":{"line":8,"column":3}},"loc":{"start":{"line":8,"column":31},"end":{"line":19,"column":3}},"line":8},"2":{"name":"(anonymous_2)","decl":{"start":{"line":21,"column":2},"end":{"line":21,"column":3}},"loc":{"start":{"line":21,"column":23},"end":{"line":28,"column":3}},"line":21},"3":{"name":"(anonymous_3)","decl":{"start":{"line":30,"column":2},"end":{"line":30,"column":3}},"loc":{"start":{"line":30,"column":27},"end":{"line":39,"column":3}},"line":30},"4":{"name":"(anonymous_4)","decl":{"start":{"line":41,"column":2},"end":{"line":41,"column":3}},"loc":{"start":{"line":41,"column":19},"end":{"line":50,"column":3}},"line":41}},"branchMap":{"0":{"loc":{"start":{"line":8,"column":17},"end":{"line":8,"column":29}},"type":"default-arg","locations":[{"start":{"line":8,"column":27},"end":{"line":8,"column":29}}],"line":8},"1":{"loc":{"start":{"line":10,"column":6},"end":{"line":14,"column":7}},"type":"if","locations":[{"start":{"line":10,"column":6},"end":{"line":14,"column":7}},{"start":{"line":12,"column":13},"end":{"line":14,"column":7}}],"line":10}},"s":{"0":0,"1":0,"2":0,"3":0,"4":0,"5":0,"6":0,"7":0,"8":0,"9":0,"10":0,"11":0,"12":0,"13":0,"14":0,"15":0,"16":0,"17":0,"18":0,"19":0,"20":0,"21":0,"22":0,"23":3},"f":{"0":0,"1":0,"2":0,"3":0,"4":0},"b":{"0":[0],"1":[0,0]},"_coverageSchema":"1a1c01bbd47fc00a2c39e90264f33305004495a9","hash":"d978518fd1148ec9d2519ab8fd9eb797fc5f4eef"}
,"/Users/samaad/api-server/src/models/coach.js": {"path":"/Users/samaad/api-server/src/models/coach.js","statementMap":{"0":{"start":{"line":3,"column":19},"end":{"line":16,"column":2}},"1":{"start":{"line":3,"column":45},"end":{"line":16,"column":2}},"2":{"start":{"line":18,"column":0},"end":{"line":18,"column":28}}},"fnMap":{"0":{"name":"(anonymous_0)","decl":{"start":{"line":3,"column":19},"end":{"line":3,"column":20}},"loc":{"start":{"line":3,"column":45},"end":{"line":16,"column":2}},"line":3}},"branchMap":{},"s":{"0":3,"1":3,"2":3},"f":{"0":3},"b":{},"_coverageSchema":"1a1c01bbd47fc00a2c39e90264f33305004495a9","hash":"4547cd11debdbd47f4e6916116ccadb4b4172b65"}
,"/Users/samaad/api-server/src/models/index.js": {"path":"/Users/samaad/api-server/src/models/index.js","statementMap":{"0":{"start":{"line":2,"column":0},"end":{"line":2,"column":27}},"1":{"start":{"line":3,"column":30},"end":{"line":3,"column":83}},"2":{"start":{"line":4,"column":33},"end":{"line":4,"column":53}},"3":{"start":{"line":5,"column":16},"end":{"line":5,"column":38}},"4":{"start":{"line":6,"column":16},"end":{"line":6,"column":37}},"5":{"start":{"line":7,"column":19},"end":{"line":7,"column":45}},"6":{"start":{"line":10,"column":18},"end":{"line":10,"column":71}},"7":{"start":{"line":12,"column":19},"end":{"line":12,"column":48}},"8":{"start":{"line":13,"column":20},"end":{"line":13,"column":49}},"9":{"start":{"line":16,"column":0},"end":{"line":16,"column":76}},"10":{"start":{"line":17,"column":0},"end":{"line":17,"column":78}},"11":{"start":{"line":22,"column":0},"end":{"line":30,"column":2}}},"fnMap":{},"branchMap":{"0":{"loc":{"start":{"line":3,"column":30},"end":{"line":3,"column":83}},"type":"binary-expr","locations":[{"start":{"line":3,"column":30},"end":{"line":3,"column":63}},{"start":{"line":3,"column":67},"end":{"line":3,"column":83}}],"line":3}},"s":{"0":3,"1":3,"2":3,"3":3,"4":3,"5":3,"6":3,"7":3,"8":3,"9":3,"10":3,"11":3},"f":{},"b":{"0":[3,3]},"_coverageSchema":"1a1c01bbd47fc00a2c39e90264f33305004495a9","hash":"3a5f79fcdf5a58c9daa989783611f5f23b6f4c2a"}
,"/Users/samaad/api-server/src/models/player.js": {"path":"/Users/samaad/api-server/src/models/player.js","statementMap":{"0":{"start":{"line":3,"column":15},"end":{"line":16,"column":4}},"1":{"start":{"line":3,"column":41},"end":{"line":16,"column":4}},"2":{"start":{"line":18,"column":0},"end":{"line":18,"column":24}}},"fnMap":{"0":{"name":"(anonymous_0)","decl":{"start":{"line":3,"column":15},"end":{"line":3,"column":16}},"loc":{"start":{"line":3,"column":41},"end":{"line":16,"column":4}},"line":3}},"branchMap":{},"s":{"0":3,"1":3,"2":3},"f":{"0":3},"b":{},"_coverageSchema":"1a1c01bbd47fc00a2c39e90264f33305004495a9","hash":"233c9166bea8abd6fac137a1d5d9267c54461965"}
,"/Users/samaad/api-server/src/routes/coaches.js": {"path":"/Users/samaad/api-server/src/routes/coaches.js","statementMap":{"0":{"start":{"line":3,"column":16},"end":{"line":3,"column":34}},"1":{"start":{"line":5,"column":23},"end":{"line":5,"column":43}},"2":{"start":{"line":7,"column":15},"end":{"line":7,"column":31}},"3":{"start":{"line":11,"column":0},"end":{"line":15,"column":5}},"4":{"start":{"line":13,"column":16},"end":{"line":13,"column":42}},"5":{"start":{"line":14,"column":4},"end":{"line":14,"column":32}},"6":{"start":{"line":16,"column":2},"end":{"line":20,"column":5}},"7":{"start":{"line":17,"column":13},"end":{"line":17,"column":26}},"8":{"start":{"line":18,"column":16},"end":{"line":18,"column":45}},"9":{"start":{"line":19,"column":4},"end":{"line":19,"column":32}},"10":{"start":{"line":22,"column":2},"end":{"line":25,"column":5}},"11":{"start":{"line":23,"column":18},"end":{"line":23,"column":51}},"12":{"start":{"line":24,"column":6},"end":{"line":24,"column":34}},"13":{"start":{"line":27,"column":2},"end":{"line":35,"column":5}},"14":{"start":{"line":28,"column":15},"end":{"line":28,"column":28}},"15":{"start":{"line":29,"column":26},"end":{"line":29,"column":55}},"16":{"start":{"line":30,"column":6},"end":{"line":30,"column":37}},"17":{"start":{"line":31,"column":6},"end":{"line":31,"column":33}},"18":{"start":{"line":33,"column":6},"end":{"line":33,"column":50}},"19":{"start":{"line":34,"column":6},"end":{"line":34,"column":42}},"20":{"start":{"line":37,"column":2},"end":{"line":42,"column":5}},"21":{"start":{"line":38,"column":15},"end":{"line":38,"column":28}},"22":{"start":{"line":39,"column":6},"end":{"line":40,"column":20}},"23":{"start":{"line":41,"column":6},"end":{"line":41,"column":44}},"24":{"start":{"line":44,"column":0},"end":{"line":44,"column":24}}},"fnMap":{"0":{"name":"(anonymous_0)","decl":{"start":{"line":11,"column":21},"end":{"line":11,"column":22}},"loc":{"start":{"line":11,"column":41},"end":{"line":15,"column":3}},"line":11},"1":{"name":"(anonymous_1)","decl":{"start":{"line":16,"column":27},"end":{"line":16,"column":28}},"loc":{"start":{"line":16,"column":47},"end":{"line":20,"column":3}},"line":16},"2":{"name":"(anonymous_2)","decl":{"start":{"line":22,"column":24},"end":{"line":22,"column":25}},"loc":{"start":{"line":22,"column":44},"end":{"line":25,"column":3}},"line":22},"3":{"name":"(anonymous_3)","decl":{"start":{"line":27,"column":29},"end":{"line":27,"column":30}},"loc":{"start":{"line":27,"column":49},"end":{"line":35,"column":3}},"line":27},"4":{"name":"(anonymous_4)","decl":{"start":{"line":37,"column":30},"end":{"line":37,"column":31}},"loc":{"start":{"line":37,"column":50},"end":{"line":42,"column":3}},"line":37}},"branchMap":{},"s":{"0":2,"1":2,"2":2,"3":2,"4":1,"5":1,"6":2,"7":1,"8":1,"9":1,"10":2,"11":1,"12":1,"13":2,"14":1,"15":1,"16":1,"17":1,"18":1,"19":1,"20":2,"21":1,"22":1,"23":1,"24":2},"f":{"0":1,"1":1,"2":1,"3":1,"4":1},"b":{},"_coverageSchema":"1a1c01bbd47fc00a2c39e90264f33305004495a9","hash":"d731679b26089546db92cac015d467ee6ea6624a"}
,"/Users/samaad/api-server/src/routes/players.js": {"path":"/Users/samaad/api-server/src/routes/players.js","statementMap":{"0":{"start":{"line":3,"column":16},"end":{"line":3,"column":34}},"1":{"start":{"line":5,"column":24},"end":{"line":5,"column":44}},"2":{"start":{"line":7,"column":15},"end":{"line":7,"column":31}},"3":{"start":{"line":11,"column":0},"end":{"line":14,"column":3}},"4":{"start":{"line":12,"column":16},"end":{"line":12,"column":43}},"5":{"start":{"line":13,"column":2},"end":{"line":13,"column":32}},"6":{"start":{"line":15,"column":0},"end":{"line":19,"column":5}},"7":{"start":{"line":16,"column":13},"end":{"line":16,"column":26}},"8":{"start":{"line":17,"column":18},"end":{"line":17,"column":48}},"9":{"start":{"line":18,"column":4},"end":{"line":18,"column":34}},"10":{"start":{"line":22,"column":0},"end":{"line":30,"column":3}},"11":{"start":{"line":23,"column":4},"end":{"line":29,"column":5}},"12":{"start":{"line":24,"column":8},"end":{"line":24,"column":42}},"13":{"start":{"line":25,"column":21},"end":{"line":25,"column":55}},"14":{"start":{"line":26,"column":8},"end":{"line":26,"column":37}},"15":{"start":{"line":28,"column":8},"end":{"line":28,"column":27}},"16":{"start":{"line":32,"column":0},"end":{"line":40,"column":3}},"17":{"start":{"line":33,"column":13},"end":{"line":33,"column":26}},"18":{"start":{"line":34,"column":25},"end":{"line":34,"column":55}},"19":{"start":{"line":35,"column":4},"end":{"line":35,"column":36}},"20":{"start":{"line":36,"column":4},"end":{"line":36,"column":32}},"21":{"start":{"line":38,"column":4},"end":{"line":38,"column":50}},"22":{"start":{"line":39,"column":4},"end":{"line":39,"column":41}},"23":{"start":{"line":42,"column":0},"end":{"line":47,"column":3}},"24":{"start":{"line":43,"column":13},"end":{"line":43,"column":26}},"25":{"start":{"line":44,"column":4},"end":{"line":45,"column":18}},"26":{"start":{"line":46,"column":4},"end":{"line":46,"column":43}},"27":{"start":{"line":49,"column":0},"end":{"line":49,"column":24}}},"fnMap":{"0":{"name":"(anonymous_0)","decl":{"start":{"line":11,"column":22},"end":{"line":11,"column":23}},"loc":{"start":{"line":11,"column":42},"end":{"line":14,"column":1}},"line":11},"1":{"name":"(anonymous_1)","decl":{"start":{"line":15,"column":26},"end":{"line":15,"column":27}},"loc":{"start":{"line":15,"column":46},"end":{"line":19,"column":3}},"line":15},"2":{"name":"(anonymous_2)","decl":{"start":{"line":22,"column":23},"end":{"line":22,"column":24}},"loc":{"start":{"line":22,"column":43},"end":{"line":30,"column":1}},"line":22},"3":{"name":"(anonymous_3)","decl":{"start":{"line":32,"column":28},"end":{"line":32,"column":29}},"loc":{"start":{"line":32,"column":48},"end":{"line":40,"column":1}},"line":32},"4":{"name":"(anonymous_4)","decl":{"start":{"line":42,"column":29},"end":{"line":42,"column":30}},"loc":{"start":{"line":42,"column":49},"end":{"line":47,"column":1}},"line":42}},"branchMap":{},"s":{"0":2,"1":2,"2":2,"3":2,"4":1,"5":1,"6":2,"7":1,"8":1,"9":1,"10":2,"11":1,"12":1,"13":1,"14":1,"15":0,"16":2,"17":1,"18":1,"19":1,"20":1,"21":1,"22":1,"23":2,"24":1,"25":1,"26":1,"27":2},"f":{"0":1,"1":1,"2":1,"3":1,"4":1},"b":{},"_coverageSchema":"1a1c01bbd47fc00a2c39e90264f33305004495a9","hash":"e735474392d69a597774572d828b7f26483cd1b5"}
}
